<?xml version="1.0" encoding="UTF-8"?>
<!-- Generated by org.testng.reporters.JUnitReportReporter -->
<testsuite hostname="CHN-REG-338651" failures="0" tests="1" name="basics.ReportSample" time="0.012" errors="0" timestamp="2024-03-25T21:53:31 IST" skipped="0">
  <testcase classname="basics.ReportSample" name="test" time="0.012"/>
</testsuite> <!-- basics.ReportSample -->
