<?xml version="1.0" encoding="UTF-8"?>
<!-- Generated by org.testng.reporters.JUnitReportReporter -->
<testsuite hostname="CHN-REG-338651" failures="0" tests="2" name="testcases.TestNGdemos2" time="0.014" errors="0" timestamp="2024-03-08T07:29:15 IST" skipped="0">
  <testcase classname="testcases.TestNGdemos2" name="test1" time="0.002"/>
  <testcase classname="testcases.TestNGdemos2" name="abc" time="0.012"/>
</testsuite> <!-- testcases.TestNGdemos2 -->
