<?xml version="1.0" encoding="UTF-8"?>
<!-- Generated by org.testng.reporters.JUnitReportReporter -->
<testsuite hostname="CHN-REG-338651" failures="0" tests="2" name="basics.DataproviderDemo" time="0.011" errors="0" timestamp="2024-03-25T21:45:54 IST" skipped="0">
  <testcase classname="basics.DataproviderDemo" name="test" time="0.008"/>
  <testcase classname="basics.DataproviderDemo" name="test" time="0.003"/>
</testsuite> <!-- basics.DataproviderDemo -->
