<?xml version="1.0" encoding="UTF-8"?>
<!-- Generated by org.testng.reporters.JUnitReportReporter -->
<testsuite hostname="CHN-REG-338651" failures="0" tests="4" name="basics.Datadriven" time="20.108" errors="0" timestamp="2024-03-09T07:01:48 IST" skipped="0">
  <testcase classname="basics.Datadriven" name="test" time="4.880"/>
  <testcase classname="basics.Datadriven" name="test" time="5.467"/>
  <testcase classname="basics.Datadriven" name="test" time="4.627"/>
  <testcase classname="basics.Datadriven" name="test" time="5.134"/>
</testsuite> <!-- basics.Datadriven -->
