<?xml version="1.0" encoding="UTF-8"?>
<!-- Generated by org.testng.reporters.JUnitReportReporter -->
<testsuite hostname="CHN-REG-338651" failures="0" tests="1" name="testcases.LoginTestcase" time="0.276" errors="0" timestamp="2024-03-02T07:36:19 IST" skipped="0">
  <testcase classname="testcases.LoginTestcase" name="login" time="0.276"/>
</testsuite> <!-- testcases.LoginTestcase -->
