<?xml version="1.0" encoding="UTF-8"?>
<!-- Generated by org.testng.reporters.JUnitReportReporter -->
<testsuite hostname="CHN-REG-338651" failures="0" tests="1" name="testcases.TestNGdemos" time="0.005" errors="0" timestamp="2024-03-08T07:29:15 IST" skipped="0">
  <testcase classname="testcases.TestNGdemos" name="test" time="0.005"/>
</testsuite> <!-- testcases.TestNGdemos -->
