<?xml version="1.0" encoding="UTF-8"?>
<!-- Generated by org.testng.reporters.JUnitReportReporter -->
<testsuite hostname="CHN-REG-338651" failures="0" tests="2" name="testcases.SampleTest" time="4.918" errors="0" timestamp="2024-04-01T23:05:25 IST" skipped="0">
  <testcase classname="testcases.SampleTest" name="testcase2" time="1.348"/>
  <testcase classname="testcases.SampleTest" name="tescase1" time="3.570"/>
</testsuite> <!-- testcases.SampleTest -->
